[2026-01-22 22:41:51] info: 	z2m: Logging to console, file (filename: log.log)
[2026-01-22 22:41:53] info: 	z2m: Starting Zigbee2MQTT version 2.7.2 (commit #3a49c95786c2fba749e7696aab4cc38e467d2c4c
)
[2026-01-22 22:41:53] info: 	z2m: Starting zigbee-herdsman (8.0.1)
[2026-01-22 22:41:54] warning: 	zh:ezsp: 'ezsp' driver is deprecated and will only remain to provide support for older firmware (pre 7.4.x). Migration to 'ember' is recommended. If using Zigbee2MQTT see https://github.com/Koenkk/zigbee2mqtt/discussions/21462
[2026-01-22 22:41:58] info: 	z2m: zigbee-herdsman started (resumed)
[2026-01-22 22:41:58] info: 	z2m: Coordinator firmware version: '{"meta":{"maintrel":"4 ","majorrel":"7","minorrel":"4","product":13,"revision":"7.4.4.5 build 0"},"type":"EZSP v13"}'
[2026-01-22 22:41:58] info: 	z2m: Currently 0 devices are joined.
[2026-01-22 22:41:58] info: 	z2m: Connecting to MQTT server at mqtt://mosquitto:1883
[2026-01-22 22:41:59] info: 	z2m: Connected to MQTT server
[2026-01-22 22:41:59] info: 	z2m:mqtt: MQTT publish: topic 'zigbee2mqtt/bridge/state', payload '{"state":"online"}'
[2026-01-22 22:42:00] info: 	z2m: Started frontend on port 8080
[2026-01-22 22:42:00] info: 	z2m: Zigbee2MQTT started!
[2026-01-22 22:42:05] info: 	z2m:mqtt: MQTT publish: topic 'homeassistant/binary_sensor/1221051039810110150109113116116_0x048727fffe22ac7c/connection_state/config', payload '{"default_entity_id":"binary_sensor.zigbee2mqtt_bridge_connection_state","device":{"hw_version":"EZSP v13 7.4.4.5 build 0","identifiers":["zigbee2mqtt_bridge_0x048727fffe22ac7c"],"manufacturer":"Zigbee2MQTT","model":"Bridge","name":"Zigbee2MQTT Bridge","sw_version":"2.7.2"},"device_class":"connectivity","entity_category":"diagnostic","name":"Connection state","object_id":"zigbee2mqtt_bridge_connection_state","origin":{"name":"Zigbee2MQTT","sw":"2.7.2","url":"https://www.zigbee2mqtt.io"},"payload_off":"offline","payload_on":"online","state_topic":"zigbee2mqtt/bridge/state","unique_id":"bridge_0x048727fffe22ac7c_connection_state_zigbee2mqtt","value_template":"{{ value_json.state }}"}'
[2026-01-22 22:52:00] info: 	z2m:mqtt: MQTT publish: topic 'zigbee2mqtt/bridge/health', payload '{"response_time":1769118720128,"os":{"load_average":[7.47,3.42,1.72],"memory_used_mb":1311.12,"memory_percent":71.0412},"process":{"uptime_sec":639,"memory_used_mb":19.35,"memory_percent":1.0483},"mqtt":{"connected":true,"queued":0,"published":11,"received":12},"devices":{}}'
[2026-01-22 22:53:54] error: 	z2m: MQTT error: connect ECONNREFUSED 172.20.0.2:1883
[2026-01-22 22:53:59] error: 	z2m: Not connected to MQTT server!
[2026-01-22 22:54:02] error: 	z2m: MQTT error: connect EHOSTUNREACH 172.20.0.2:1883
[2026-01-22 22:54:03] error: 	z2m: MQTT error: getaddrinfo ENOTFOUND mosquitto
[2026-01-22 22:54:04] error: 	z2m: MQTT error: getaddrinfo ENOTFOUND mosquitto
[2026-01-22 22:54:05] error: 	z2m: MQTT error: getaddrinfo ENOTFOUND mosquitto
[2026-01-22 22:54:06] error: 	z2m: MQTT error: getaddrinfo ENOTFOUND mosquitto
[2026-01-22 22:54:07] error: 	z2m: MQTT error: getaddrinfo ENOTFOUND mosquitto
[2026-01-22 22:54:08] error: 	z2m: MQTT error: getaddrinfo ENOTFOUND mosquitto
[2026-01-22 22:54:09] error: 	z2m: Not connected to MQTT server!
[2026-01-22 22:54:09] error: 	z2m: MQTT error: getaddrinfo ENOTFOUND mosquitto
[2026-01-22 22:54:10] error: 	z2m: MQTT error: getaddrinfo ENOTFOUND mosquitto
[2026-01-22 22:54:12] error: 	z2m: MQTT error: getaddrinfo ENOTFOUND mosquitto
[2026-01-22 22:54:13] error: 	z2m: MQTT error: getaddrinfo ENOTFOUND mosquitto
[2026-01-22 22:54:14] error: 	z2m: MQTT error: getaddrinfo ENOTFOUND mosquitto
[2026-01-22 22:54:15] error: 	z2m: MQTT error: getaddrinfo ENOTFOUND mosquitto
[2026-01-22 22:54:16] error: 	z2m: MQTT error: getaddrinfo ENOTFOUND mosquitto
[2026-01-22 22:54:17] error: 	z2m: MQTT error: getaddrinfo ENOTFOUND mosquitto
[2026-01-22 22:54:18] error: 	z2m: MQTT error: getaddrinfo ENOTFOUND mosquitto
[2026-01-22 22:54:19] error: 	z2m: MQTT error: getaddrinfo ENOTFOUND mosquitto
[2026-01-22 22:54:19] error: 	z2m: Not connected to MQTT server!
[2026-01-22 22:54:20] error: 	z2m: MQTT error: getaddrinfo ENOTFOUND mosquitto
[2026-01-22 22:54:21] error: 	z2m: MQTT error: getaddrinfo ENOTFOUND mosquitto
[2026-01-22 22:54:22] error: 	z2m: MQTT error: getaddrinfo ENOTFOUND mosquitto
[2026-01-22 22:54:23] error: 	z2m: MQTT error: getaddrinfo ENOTFOUND mosquitto
[2026-01-22 22:54:24] error: 	z2m: MQTT error: getaddrinfo ENOTFOUND mosquitto
[2026-01-22 22:54:25] error: 	z2m: MQTT error: getaddrinfo ENOTFOUND mosquitto
[2026-01-22 22:54:26] error: 	z2m: MQTT error: getaddrinfo ENOTFOUND mosquitto
[2026-01-22 22:54:27] error: 	z2m: MQTT error: getaddrinfo ENOTFOUND mosquitto
[2026-01-22 22:54:28] error: 	z2m: MQTT error: getaddrinfo ENOTFOUND mosquitto
[2026-01-22 22:54:29] error: 	z2m: Not connected to MQTT server!
[2026-01-22 22:54:30] error: 	z2m: MQTT error: getaddrinfo ENOTFOUND mosquitto
[2026-01-22 22:54:31] error: 	z2m: MQTT error: getaddrinfo ENOTFOUND mosquitto
[2026-01-22 22:54:32] error: 	z2m: MQTT error: getaddrinfo ENOTFOUND mosquitto
[2026-01-22 22:54:33] error: 	z2m: MQTT error: getaddrinfo ENOTFOUND mosquitto
[2026-01-22 22:54:34] error: 	z2m: MQTT error: getaddrinfo ENOTFOUND mosquitto
[2026-01-22 22:54:35] error: 	z2m: MQTT error: getaddrinfo ENOTFOUND mosquitto
[2026-01-22 22:54:36] error: 	z2m: MQTT error: getaddrinfo ENOTFOUND mosquitto
[2026-01-22 22:54:37] error: 	z2m: MQTT error: getaddrinfo ENOTFOUND mosquitto
[2026-01-22 22:54:38] error: 	z2m: MQTT error: getaddrinfo ENOTFOUND mosquitto
[2026-01-22 22:54:39] error: 	z2m: MQTT error: getaddrinfo ENOTFOUND mosquitto
[2026-01-22 22:54:39] error: 	z2m: Not connected to MQTT server!
[2026-01-22 22:54:40] error: 	z2m: MQTT error: getaddrinfo ENOTFOUND mosquitto
[2026-01-22 22:54:41] error: 	z2m: MQTT error: getaddrinfo ENOTFOUND mosquitto
[2026-01-22 22:54:42] error: 	z2m: MQTT error: getaddrinfo ENOTFOUND mosquitto
[2026-01-22 22:54:43] error: 	z2m: MQTT error: getaddrinfo ENOTFOUND mosquitto
[2026-01-22 22:54:44] error: 	z2m: MQTT error: getaddrinfo ENOTFOUND mosquitto
[2026-01-22 22:54:45] error: 	z2m: MQTT error: getaddrinfo ENOTFOUND mosquitto
[2026-01-22 22:54:46] error: 	z2m: MQTT error: getaddrinfo ENOTFOUND mosquitto
[2026-01-22 22:54:47] error: 	z2m: MQTT error: getaddrinfo ENOTFOUND mosquitto
[2026-01-22 22:54:48] error: 	z2m: MQTT error: getaddrinfo ENOTFOUND mosquitto
[2026-01-22 22:54:49] error: 	z2m: MQTT error: getaddrinfo ENOTFOUND mosquitto
[2026-01-22 22:54:49] error: 	z2m: Not connected to MQTT server!
[2026-01-22 22:54:50] error: 	z2m: MQTT error: getaddrinfo ENOTFOUND mosquitto
[2026-01-22 22:54:51] error: 	z2m: MQTT error: getaddrinfo ENOTFOUND mosquitto
[2026-01-22 22:54:52] error: 	z2m: MQTT error: getaddrinfo ENOTFOUND mosquitto
[2026-01-22 22:54:53] error: 	z2m: MQTT error: getaddrinfo ENOTFOUND mosquitto
[2026-01-22 22:54:54] error: 	z2m: MQTT error: getaddrinfo ENOTFOUND mosquitto
[2026-01-22 22:54:55] error: 	z2m: MQTT error: getaddrinfo ENOTFOUND mosquitto
[2026-01-22 22:54:56] error: 	z2m: MQTT error: getaddrinfo ENOTFOUND mosquitto
[2026-01-22 22:54:57] error: 	z2m: MQTT error: getaddrinfo ENOTFOUND mosquitto
[2026-01-22 22:54:58] error: 	z2m: MQTT error: getaddrinfo ENOTFOUND mosquitto
[2026-01-22 22:54:59] error: 	z2m: MQTT error: getaddrinfo ENOTFOUND mosquitto
[2026-01-22 22:54:59] error: 	z2m: Not connected to MQTT server!
[2026-01-22 22:55:00] error: 	z2m: MQTT error: getaddrinfo ENOTFOUND mosquitto
[2026-01-22 22:55:01] error: 	z2m: MQTT error: getaddrinfo ENOTFOUND mosquitto
[2026-01-22 22:55:02] error: 	z2m: MQTT error: getaddrinfo ENOTFOUND mosquitto
[2026-01-22 22:55:03] error: 	z2m: MQTT error: getaddrinfo ENOTFOUND mosquitto
[2026-01-22 22:55:04] error: 	z2m: MQTT error: getaddrinfo ENOTFOUND mosquitto
[2026-01-22 22:55:05] error: 	z2m: MQTT error: getaddrinfo ENOTFOUND mosquitto
[2026-01-22 22:55:06] error: 	z2m: MQTT error: getaddrinfo ENOTFOUND mosquitto
[2026-01-22 22:55:07] error: 	z2m: MQTT error: getaddrinfo ENOTFOUND mosquitto
[2026-01-22 22:55:08] error: 	z2m: MQTT error: getaddrinfo ENOTFOUND mosquitto
[2026-01-22 22:55:09] error: 	z2m: MQTT error: getaddrinfo ENOTFOUND mosquitto
[2026-01-22 22:55:09] error: 	z2m: Not connected to MQTT server!
[2026-01-22 22:55:10] error: 	z2m: MQTT error: getaddrinfo ENOTFOUND mosquitto
[2026-01-22 22:55:11] error: 	z2m: MQTT error: getaddrinfo ENOTFOUND mosquitto
[2026-01-22 22:55:12] error: 	z2m: MQTT error: getaddrinfo ENOTFOUND mosquitto
[2026-01-22 22:55:13] error: 	z2m: MQTT error: getaddrinfo ENOTFOUND mosquitto
[2026-01-22 22:55:14] error: 	z2m: MQTT error: getaddrinfo ENOTFOUND mosquitto
[2026-01-22 22:55:15] error: 	z2m: MQTT error: getaddrinfo ENOTFOUND mosquitto
[2026-01-22 22:55:16] error: 	z2m: MQTT error: getaddrinfo ENOTFOUND mosquitto
[2026-01-22 22:55:17] error: 	z2m: MQTT error: getaddrinfo ENOTFOUND mosquitto
[2026-01-22 22:55:18] error: 	z2m: MQTT error: getaddrinfo ENOTFOUND mosquitto
[2026-01-22 22:55:19] error: 	z2m: MQTT error: getaddrinfo ENOTFOUND mosquitto
[2026-01-22 22:55:19] error: 	z2m: Not connected to MQTT server!
[2026-01-22 22:55:20] error: 	z2m: MQTT error: getaddrinfo ENOTFOUND mosquitto
[2026-01-22 22:55:21] error: 	z2m: MQTT error: getaddrinfo ENOTFOUND mosquitto
[2026-01-22 22:55:22] error: 	z2m: MQTT error: getaddrinfo ENOTFOUND mosquitto
[2026-01-22 22:55:23] error: 	z2m: MQTT error: getaddrinfo ENOTFOUND mosquitto
[2026-01-22 22:55:24] error: 	z2m: MQTT error: getaddrinfo ENOTFOUND mosquitto
[2026-01-22 22:55:25] error: 	z2m: MQTT error: getaddrinfo ENOTFOUND mosquitto
[2026-01-22 22:55:26] error: 	z2m: MQTT error: getaddrinfo ENOTFOUND mosquitto
[2026-01-22 22:55:27] error: 	z2m: MQTT error: getaddrinfo ENOTFOUND mosquitto
[2026-01-22 22:55:28] error: 	z2m: MQTT error: getaddrinfo ENOTFOUND mosquitto
[2026-01-22 22:55:29] error: 	z2m: MQTT error: getaddrinfo ENOTFOUND mosquitto
[2026-01-22 22:55:29] error: 	z2m: Not connected to MQTT server!
[2026-01-22 22:55:30] error: 	z2m: MQTT error: getaddrinfo ENOTFOUND mosquitto
[2026-01-22 22:55:31] error: 	z2m: MQTT error: getaddrinfo ENOTFOUND mosquitto
[2026-01-22 22:55:32] error: 	z2m: MQTT error: getaddrinfo ENOTFOUND mosquitto
[2026-01-22 22:55:33] error: 	z2m: MQTT error: getaddrinfo ENOTFOUND mosquitto
[2026-01-22 22:55:34] error: 	z2m: MQTT error: getaddrinfo ENOTFOUND mosquitto
[2026-01-22 22:55:35] error: 	z2m: MQTT error: getaddrinfo ENOTFOUND mosquitto
[2026-01-22 22:55:36] error: 	z2m: MQTT error: getaddrinfo ENOTFOUND mosquitto
[2026-01-22 22:55:37] error: 	z2m: MQTT error: getaddrinfo ENOTFOUND mosquitto
[2026-01-22 22:55:38] error: 	z2m: MQTT error: getaddrinfo ENOTFOUND mosquitto
[2026-01-22 22:55:39] error: 	z2m: MQTT error: getaddrinfo ENOTFOUND mosquitto
[2026-01-22 22:55:39] error: 	z2m: Not connected to MQTT server!
[2026-01-22 22:55:40] error: 	z2m: MQTT error: getaddrinfo ENOTFOUND mosquitto
[2026-01-22 22:55:41] error: 	z2m: MQTT error: getaddrinfo ENOTFOUND mosquitto
[2026-01-22 22:55:42] error: 	z2m: MQTT error: getaddrinfo ENOTFOUND mosquitto
[2026-01-22 22:55:43] error: 	z2m: MQTT error: getaddrinfo ENOTFOUND mosquitto
[2026-01-22 22:55:44] error: 	z2m: MQTT error: getaddrinfo ENOTFOUND mosquitto
[2026-01-22 22:55:45] error: 	z2m: MQTT error: getaddrinfo ENOTFOUND mosquitto
[2026-01-22 22:55:46] error: 	z2m: MQTT error: getaddrinfo ENOTFOUND mosquitto
[2026-01-22 22:55:47] error: 	z2m: MQTT error: getaddrinfo ENOTFOUND mosquitto
[2026-01-22 22:55:48] error: 	z2m: MQTT error: getaddrinfo ENOTFOUND mosquitto
[2026-01-22 22:55:49] error: 	z2m: Not connected to MQTT server!
[2026-01-22 22:55:50] error: 	z2m: MQTT error: getaddrinfo ENOTFOUND mosquitto
[2026-01-22 22:55:51] error: 	z2m: MQTT error: getaddrinfo ENOTFOUND mosquitto
[2026-01-22 22:55:52] error: 	z2m: MQTT error: getaddrinfo ENOTFOUND mosquitto
[2026-01-22 22:55:53] error: 	z2m: MQTT error: getaddrinfo ENOTFOUND mosquitto
[2026-01-22 22:55:54] error: 	z2m: MQTT error: getaddrinfo ENOTFOUND mosquitto
[2026-01-22 22:55:55] error: 	z2m: MQTT error: getaddrinfo ENOTFOUND mosquitto
[2026-01-22 22:55:56] error: 	z2m: MQTT error: getaddrinfo ENOTFOUND mosquitto
[2026-01-22 22:55:57] error: 	z2m: MQTT error: getaddrinfo ENOTFOUND mosquitto
[2026-01-22 22:55:58] error: 	z2m: MQTT error: getaddrinfo ENOTFOUND mosquitto
[2026-01-22 22:55:59] error: 	z2m: MQTT error: getaddrinfo ENOTFOUND mosquitto
[2026-01-22 22:55:59] error: 	z2m: Not connected to MQTT server!
[2026-01-22 22:56:00] error: 	z2m: MQTT error: getaddrinfo ENOTFOUND mosquitto
[2026-01-22 22:56:01] error: 	z2m: MQTT error: getaddrinfo ENOTFOUND mosquitto
[2026-01-22 22:56:02] error: 	z2m: MQTT error: getaddrinfo ENOTFOUND mosquitto
[2026-01-22 22:56:03] error: 	z2m: MQTT error: getaddrinfo ENOTFOUND mosquitto
[2026-01-22 22:56:04] error: 	z2m: MQTT error: getaddrinfo ENOTFOUND mosquitto
[2026-01-22 22:56:05] error: 	z2m: MQTT error: getaddrinfo ENOTFOUND mosquitto
[2026-01-22 22:56:06] error: 	z2m: MQTT error: getaddrinfo ENOTFOUND mosquitto
[2026-01-22 22:56:07] error: 	z2m: MQTT error: getaddrinfo ENOTFOUND mosquitto
[2026-01-22 22:56:08] error: 	z2m: MQTT error: getaddrinfo ENOTFOUND mosquitto
[2026-01-22 22:56:09] error: 	z2m: MQTT error: getaddrinfo ENOTFOUND mosquitto
[2026-01-22 22:56:09] error: 	z2m: Not connected to MQTT server!
[2026-01-22 22:56:10] error: 	z2m: MQTT error: getaddrinfo ENOTFOUND mosquitto
[2026-01-22 22:56:11] error: 	z2m: MQTT error: getaddrinfo ENOTFOUND mosquitto
[2026-01-22 22:56:12] error: 	z2m: MQTT error: getaddrinfo ENOTFOUND mosquitto
[2026-01-22 22:56:13] error: 	z2m: MQTT error: getaddrinfo ENOTFOUND mosquitto
[2026-01-22 22:56:14] error: 	z2m: MQTT error: getaddrinfo ENOTFOUND mosquitto
[2026-01-22 22:56:15] error: 	z2m: MQTT error: getaddrinfo ENOTFOUND mosquitto
[2026-01-22 22:56:16] error: 	z2m: MQTT error: getaddrinfo ENOTFOUND mosquitto
[2026-01-22 22:56:17] error: 	z2m: MQTT error: getaddrinfo ENOTFOUND mosquitto
[2026-01-22 22:56:18] error: 	z2m: MQTT error: getaddrinfo ENOTFOUND mosquitto
[2026-01-22 22:56:19] error: 	z2m: MQTT error: getaddrinfo ENOTFOUND mosquitto
[2026-01-22 22:56:19] error: 	z2m: Not connected to MQTT server!
[2026-01-22 22:56:20] error: 	z2m: MQTT error: getaddrinfo ENOTFOUND mosquitto
[2026-01-22 22:56:21] error: 	z2m: MQTT error: getaddrinfo ENOTFOUND mosquitto
[2026-01-22 22:56:22] error: 	z2m: MQTT error: getaddrinfo ENOTFOUND mosquitto
[2026-01-22 22:56:23] error: 	z2m: MQTT error: getaddrinfo ENOTFOUND mosquitto
[2026-01-22 22:56:24] error: 	z2m: MQTT error: getaddrinfo ENOTFOUND mosquitto
[2026-01-22 22:56:25] error: 	z2m: MQTT error: getaddrinfo ENOTFOUND mosquitto
[2026-01-22 22:56:26] error: 	z2m: MQTT error: getaddrinfo ENOTFOUND mosquitto
[2026-01-22 22:56:27] error: 	z2m: MQTT error: getaddrinfo ENOTFOUND mosquitto
[2026-01-22 22:56:28] error: 	z2m: MQTT error: getaddrinfo ENOTFOUND mosquitto
[2026-01-22 22:56:29] error: 	z2m: MQTT error: getaddrinfo ENOTFOUND mosquitto
[2026-01-22 22:56:29] error: 	z2m: Not connected to MQTT server!
[2026-01-22 22:56:30] error: 	z2m: MQTT error: getaddrinfo ENOTFOUND mosquitto
[2026-01-22 22:56:31] error: 	z2m: MQTT error: getaddrinfo ENOTFOUND mosquitto
[2026-01-22 22:56:32] error: 	z2m: MQTT error: getaddrinfo ENOTFOUND mosquitto
[2026-01-22 22:56:33] error: 	z2m: MQTT error: getaddrinfo ENOTFOUND mosquitto
[2026-01-22 22:56:34] error: 	z2m: MQTT error: getaddrinfo ENOTFOUND mosquitto
[2026-01-22 22:56:35] error: 	z2m: MQTT error: getaddrinfo ENOTFOUND mosquitto
[2026-01-22 22:56:36] error: 	z2m: MQTT error: getaddrinfo ENOTFOUND mosquitto
[2026-01-22 22:56:37] error: 	z2m: MQTT error: getaddrinfo ENOTFOUND mosquitto
[2026-01-22 22:56:38] error: 	z2m: MQTT error: getaddrinfo ENOTFOUND mosquitto
[2026-01-22 22:56:39] error: 	z2m: MQTT error: getaddrinfo ENOTFOUND mosquitto
[2026-01-22 22:56:39] error: 	z2m: Not connected to MQTT server!
[2026-01-22 22:56:40] error: 	z2m: MQTT error: getaddrinfo ENOTFOUND mosquitto
[2026-01-22 22:56:41] error: 	z2m: MQTT error: getaddrinfo ENOTFOUND mosquitto
[2026-01-22 22:56:42] error: 	z2m: MQTT error: getaddrinfo ENOTFOUND mosquitto
[2026-01-22 22:56:43] error: 	z2m: MQTT error: getaddrinfo ENOTFOUND mosquitto
[2026-01-22 22:56:44] error: 	z2m: MQTT error: getaddrinfo ENOTFOUND mosquitto
[2026-01-22 22:56:45] error: 	z2m: MQTT error: getaddrinfo ENOTFOUND mosquitto
[2026-01-22 22:56:46] error: 	z2m: MQTT error: getaddrinfo ENOTFOUND mosquitto
[2026-01-22 22:56:47] error: 	z2m: MQTT error: getaddrinfo ENOTFOUND mosquitto
[2026-01-22 22:56:48] error: 	z2m: MQTT error: getaddrinfo ENOTFOUND mosquitto
[2026-01-22 22:56:49] error: 	z2m: MQTT error: getaddrinfo ENOTFOUND mosquitto
[2026-01-22 22:56:49] error: 	z2m: Not connected to MQTT server!
[2026-01-22 22:56:50] error: 	z2m: MQTT error: getaddrinfo ENOTFOUND mosquitto
[2026-01-22 22:56:51] error: 	z2m: MQTT error: getaddrinfo ENOTFOUND mosquitto
[2026-01-22 22:56:52] error: 	z2m: MQTT error: getaddrinfo ENOTFOUND mosquitto
[2026-01-22 22:56:53] error: 	z2m: MQTT error: getaddrinfo ENOTFOUND mosquitto
[2026-01-22 22:56:54] error: 	z2m: MQTT error: getaddrinfo ENOTFOUND mosquitto
[2026-01-22 22:56:55] error: 	z2m: MQTT error: getaddrinfo ENOTFOUND mosquitto
[2026-01-22 22:56:56] error: 	z2m: MQTT error: getaddrinfo ENOTFOUND mosquitto
[2026-01-22 22:56:57] error: 	z2m: MQTT error: getaddrinfo ENOTFOUND mosquitto
[2026-01-22 22:56:58] error: 	z2m: MQTT error: getaddrinfo ENOTFOUND mosquitto
[2026-01-22 22:56:59] error: 	z2m: MQTT error: getaddrinfo ENOTFOUND mosquitto
[2026-01-22 22:56:59] error: 	z2m: Not connected to MQTT server!
[2026-01-22 22:57:00] error: 	z2m: MQTT error: getaddrinfo ENOTFOUND mosquitto
[2026-01-22 22:57:01] error: 	z2m: MQTT error: getaddrinfo ENOTFOUND mosquitto
[2026-01-22 22:57:02] error: 	z2m: MQTT error: getaddrinfo ENOTFOUND mosquitto
[2026-01-22 22:57:03] error: 	z2m: MQTT error: getaddrinfo ENOTFOUND mosquitto
[2026-01-22 22:57:04] error: 	z2m: MQTT error: getaddrinfo ENOTFOUND mosquitto
[2026-01-22 22:57:05] error: 	z2m: MQTT error: getaddrinfo ENOTFOUND mosquitto
[2026-01-22 22:57:06] error: 	z2m: MQTT error: getaddrinfo ENOTFOUND mosquitto
[2026-01-22 22:57:07] error: 	z2m: MQTT error: getaddrinfo ENOTFOUND mosquitto
[2026-01-22 22:57:08] error: 	z2m: MQTT error: getaddrinfo ENOTFOUND mosquitto
[2026-01-22 22:57:09] error: 	z2m: MQTT error: getaddrinfo ENOTFOUND mosquitto
[2026-01-22 22:57:09] error: 	z2m: Not connected to MQTT server!
[2026-01-22 22:57:10] error: 	z2m: MQTT error: getaddrinfo ENOTFOUND mosquitto
[2026-01-22 22:57:11] error: 	z2m: MQTT error: getaddrinfo ENOTFOUND mosquitto
[2026-01-22 22:57:12] error: 	z2m: MQTT error: getaddrinfo ENOTFOUND mosquitto
[2026-01-22 22:57:13] error: 	z2m: MQTT error: getaddrinfo ENOTFOUND mosquitto
[2026-01-22 22:57:14] error: 	z2m: MQTT error: getaddrinfo ENOTFOUND mosquitto
[2026-01-22 22:57:15] error: 	z2m: MQTT error: getaddrinfo ENOTFOUND mosquitto
[2026-01-22 22:57:16] error: 	z2m: MQTT error: getaddrinfo ENOTFOUND mosquitto
[2026-01-22 22:57:17] error: 	z2m: MQTT error: getaddrinfo ENOTFOUND mosquitto
[2026-01-22 22:57:18] error: 	z2m: MQTT error: getaddrinfo ENOTFOUND mosquitto
[2026-01-22 22:57:19] error: 	z2m: MQTT error: getaddrinfo ENOTFOUND mosquitto
[2026-01-22 22:57:19] error: 	z2m: Not connected to MQTT server!
[2026-01-22 22:57:20] error: 	z2m: MQTT error: getaddrinfo ENOTFOUND mosquitto
[2026-01-22 22:57:21] error: 	z2m: MQTT error: getaddrinfo ENOTFOUND mosquitto
[2026-01-22 22:57:22] error: 	z2m: MQTT error: getaddrinfo ENOTFOUND mosquitto
[2026-01-22 22:57:23] error: 	z2m: MQTT error: getaddrinfo ENOTFOUND mosquitto
[2026-01-22 22:57:24] error: 	z2m: MQTT error: getaddrinfo ENOTFOUND mosquitto
[2026-01-22 22:57:25] error: 	z2m: MQTT error: getaddrinfo ENOTFOUND mosquitto
[2026-01-22 22:57:26] error: 	z2m: MQTT error: getaddrinfo ENOTFOUND mosquitto
[2026-01-22 22:57:27] error: 	z2m: MQTT error: getaddrinfo ENOTFOUND mosquitto
[2026-01-22 22:57:28] error: 	z2m: MQTT error: getaddrinfo ENOTFOUND mosquitto
[2026-01-22 22:57:29] error: 	z2m: MQTT error: getaddrinfo ENOTFOUND mosquitto
[2026-01-22 22:57:29] error: 	z2m: Not connected to MQTT server!
[2026-01-22 22:57:30] error: 	z2m: MQTT error: getaddrinfo ENOTFOUND mosquitto
[2026-01-22 22:57:31] error: 	z2m: MQTT error: getaddrinfo ENOTFOUND mosquitto
[2026-01-22 22:57:32] error: 	z2m: MQTT error: getaddrinfo ENOTFOUND mosquitto
[2026-01-22 22:57:33] error: 	z2m: MQTT error: getaddrinfo ENOTFOUND mosquitto
[2026-01-22 22:57:34] error: 	z2m: MQTT error: getaddrinfo ENOTFOUND mosquitto
[2026-01-22 22:57:35] error: 	z2m: MQTT error: getaddrinfo ENOTFOUND mosquitto
[2026-01-22 22:57:36] error: 	z2m: MQTT error: getaddrinfo ENOTFOUND mosquitto
[2026-01-22 22:57:37] error: 	z2m: MQTT error: getaddrinfo ENOTFOUND mosquitto
[2026-01-22 22:57:38] error: 	z2m: MQTT error: getaddrinfo ENOTFOUND mosquitto
[2026-01-22 22:57:39] error: 	z2m: MQTT error: getaddrinfo ENOTFOUND mosquitto
[2026-01-22 22:57:39] error: 	z2m: Not connected to MQTT server!
[2026-01-22 22:57:40] error: 	z2m: MQTT error: getaddrinfo ENOTFOUND mosquitto
[2026-01-22 22:57:41] error: 	z2m: MQTT error: getaddrinfo ENOTFOUND mosquitto
[2026-01-22 22:57:42] error: 	z2m: MQTT error: getaddrinfo ENOTFOUND mosquitto
[2026-01-22 22:57:43] error: 	z2m: MQTT error: getaddrinfo ENOTFOUND mosquitto
[2026-01-22 22:57:44] error: 	z2m: MQTT error: getaddrinfo ENOTFOUND mosquitto
[2026-01-22 22:57:45] error: 	z2m: MQTT error: getaddrinfo ENOTFOUND mosquitto
[2026-01-22 22:57:46] error: 	z2m: MQTT error: getaddrinfo ENOTFOUND mosquitto
[2026-01-22 22:57:47] error: 	z2m: MQTT error: getaddrinfo ENOTFOUND mosquitto
[2026-01-22 22:57:48] error: 	z2m: MQTT error: getaddrinfo ENOTFOUND mosquitto
[2026-01-22 22:57:49] error: 	z2m: MQTT error: getaddrinfo ENOTFOUND mosquitto
[2026-01-22 22:57:49] error: 	z2m: Not connected to MQTT server!
[2026-01-22 22:57:50] error: 	z2m: MQTT error: getaddrinfo ENOTFOUND mosquitto
[2026-01-22 22:57:51] error: 	z2m: MQTT error: getaddrinfo ENOTFOUND mosquitto
[2026-01-22 22:57:52] error: 	z2m: MQTT error: getaddrinfo ENOTFOUND mosquitto
[2026-01-22 22:57:53] error: 	z2m: MQTT error: getaddrinfo ENOTFOUND mosquitto
[2026-01-22 22:57:54] error: 	z2m: MQTT error: getaddrinfo ENOTFOUND mosquitto
[2026-01-22 22:57:55] error: 	z2m: MQTT error: getaddrinfo ENOTFOUND mosquitto
[2026-01-22 22:57:56] error: 	z2m: MQTT error: getaddrinfo ENOTFOUND mosquitto
[2026-01-22 22:57:57] error: 	z2m: MQTT error: getaddrinfo ENOTFOUND mosquitto
[2026-01-22 22:57:58] error: 	z2m: MQTT error: getaddrinfo ENOTFOUND mosquitto
[2026-01-22 22:57:59] error: 	z2m: MQTT error: getaddrinfo ENOTFOUND mosquitto
[2026-01-22 22:57:59] error: 	z2m: Not connected to MQTT server!
[2026-01-22 22:58:00] error: 	z2m: MQTT error: getaddrinfo ENOTFOUND mosquitto
[2026-01-22 22:58:01] error: 	z2m: MQTT error: getaddrinfo ENOTFOUND mosquitto
[2026-01-22 22:58:02] error: 	z2m: MQTT error: getaddrinfo ENOTFOUND mosquitto
[2026-01-22 22:58:03] error: 	z2m: MQTT error: getaddrinfo ENOTFOUND mosquitto
[2026-01-22 22:58:04] error: 	z2m: MQTT error: getaddrinfo ENOTFOUND mosquitto
[2026-01-22 22:58:05] error: 	z2m: MQTT error: getaddrinfo ENOTFOUND mosquitto
[2026-01-22 22:58:06] error: 	z2m: MQTT error: getaddrinfo ENOTFOUND mosquitto
[2026-01-22 22:58:07] error: 	z2m: MQTT error: getaddrinfo ENOTFOUND mosquitto
[2026-01-22 22:58:08] error: 	z2m: MQTT error: getaddrinfo ENOTFOUND mosquitto
[2026-01-22 22:58:09] error: 	z2m: MQTT error: getaddrinfo ENOTFOUND mosquitto
[2026-01-22 22:58:09] error: 	z2m: Not connected to MQTT server!
[2026-01-22 22:58:10] error: 	z2m: MQTT error: getaddrinfo ENOTFOUND mosquitto
[2026-01-22 22:58:11] error: 	z2m: MQTT error: getaddrinfo ENOTFOUND mosquitto
[2026-01-22 22:58:12] error: 	z2m: MQTT error: getaddrinfo ENOTFOUND mosquitto
[2026-01-22 22:58:13] error: 	z2m: MQTT error: getaddrinfo ENOTFOUND mosquitto
[2026-01-22 22:58:14] error: 	z2m: MQTT error: getaddrinfo ENOTFOUND mosquitto
[2026-01-22 22:58:15] error: 	z2m: MQTT error: getaddrinfo ENOTFOUND mosquitto
[2026-01-22 22:58:16] error: 	z2m: MQTT error: getaddrinfo ENOTFOUND mosquitto
[2026-01-22 22:58:17] error: 	z2m: MQTT error: getaddrinfo ENOTFOUND mosquitto
[2026-01-22 22:58:18] error: 	z2m: MQTT error: getaddrinfo ENOTFOUND mosquitto
[2026-01-22 22:58:19] error: 	z2m: Not connected to MQTT server!
[2026-01-22 22:58:19] error: 	z2m: MQTT error: getaddrinfo ENOTFOUND mosquitto
[2026-01-22 22:58:20] error: 	z2m: MQTT error: getaddrinfo ENOTFOUND mosquitto
[2026-01-22 22:58:21] error: 	z2m: MQTT error: getaddrinfo ENOTFOUND mosquitto
[2026-01-22 22:58:23] error: 	z2m: MQTT error: getaddrinfo ENOTFOUND mosquitto
[2026-01-22 22:58:24] error: 	z2m: MQTT error: getaddrinfo ENOTFOUND mosquitto
[2026-01-22 22:58:25] error: 	z2m: MQTT error: getaddrinfo ENOTFOUND mosquitto
[2026-01-22 22:58:26] error: 	z2m: MQTT error: getaddrinfo ENOTFOUND mosquitto
[2026-01-22 22:58:27] error: 	z2m: MQTT error: getaddrinfo ENOTFOUND mosquitto
[2026-01-22 22:58:28] error: 	z2m: MQTT error: getaddrinfo ENOTFOUND mosquitto
[2026-01-22 22:58:29] error: 	z2m: MQTT error: getaddrinfo ENOTFOUND mosquitto
[2026-01-22 22:58:29] error: 	z2m: Not connected to MQTT server!
[2026-01-22 22:58:30] error: 	z2m: MQTT error: getaddrinfo ENOTFOUND mosquitto
[2026-01-22 22:58:31] error: 	z2m: MQTT error: getaddrinfo ENOTFOUND mosquitto
[2026-01-22 22:58:32] error: 	z2m: MQTT error: getaddrinfo ENOTFOUND mosquitto
[2026-01-22 22:58:33] error: 	z2m: MQTT error: getaddrinfo ENOTFOUND mosquitto
[2026-01-22 22:58:34] error: 	z2m: MQTT error: getaddrinfo ENOTFOUND mosquitto
[2026-01-22 22:58:35] error: 	z2m: MQTT error: getaddrinfo ENOTFOUND mosquitto
[2026-01-22 22:58:36] error: 	z2m: MQTT error: getaddrinfo ENOTFOUND mosquitto
[2026-01-22 22:58:37] error: 	z2m: MQTT error: getaddrinfo ENOTFOUND mosquitto
[2026-01-22 22:58:38] error: 	z2m: MQTT error: getaddrinfo ENOTFOUND mosquitto
[2026-01-22 22:58:39] error: 	z2m: MQTT error: getaddrinfo ENOTFOUND mosquitto
[2026-01-22 22:58:39] error: 	z2m: Not connected to MQTT server!
[2026-01-22 22:58:40] error: 	z2m: MQTT error: getaddrinfo ENOTFOUND mosquitto
[2026-01-22 22:58:41] error: 	z2m: MQTT error: getaddrinfo ENOTFOUND mosquitto
[2026-01-22 22:58:42] error: 	z2m: MQTT error: getaddrinfo ENOTFOUND mosquitto
[2026-01-22 22:58:43] error: 	z2m: MQTT error: getaddrinfo ENOTFOUND mosquitto
[2026-01-22 22:58:44] error: 	z2m: MQTT error: getaddrinfo ENOTFOUND mosquitto
[2026-01-22 22:58:45] error: 	z2m: MQTT error: getaddrinfo ENOTFOUND mosquitto
[2026-01-22 22:58:46] error: 	z2m: MQTT error: getaddrinfo ENOTFOUND mosquitto
[2026-01-22 22:58:47] error: 	z2m: MQTT error: getaddrinfo ENOTFOUND mosquitto
[2026-01-22 22:58:48] error: 	z2m: MQTT error: getaddrinfo ENOTFOUND mosquitto
[2026-01-22 22:58:49] error: 	z2m: MQTT error: getaddrinfo ENOTFOUND mosquitto
[2026-01-22 22:58:49] error: 	z2m: Not connected to MQTT server!
[2026-01-22 22:58:50] error: 	z2m: MQTT error: getaddrinfo ENOTFOUND mosquitto
[2026-01-22 22:58:51] error: 	z2m: MQTT error: getaddrinfo ENOTFOUND mosquitto
[2026-01-22 22:58:52] error: 	z2m: MQTT error: getaddrinfo ENOTFOUND mosquitto
[2026-01-22 22:58:53] error: 	z2m: MQTT error: getaddrinfo ENOTFOUND mosquitto
[2026-01-22 22:58:54] error: 	z2m: MQTT error: getaddrinfo ENOTFOUND mosquitto
[2026-01-22 22:58:55] error: 	z2m: MQTT error: getaddrinfo ENOTFOUND mosquitto
[2026-01-22 22:58:56] error: 	z2m: MQTT error: getaddrinfo ENOTFOUND mosquitto
[2026-01-22 22:58:57] error: 	z2m: MQTT error: getaddrinfo ENOTFOUND mosquitto
[2026-01-22 22:58:58] error: 	z2m: MQTT error: getaddrinfo ENOTFOUND mosquitto
[2026-01-22 22:58:59] error: 	z2m: MQTT error: getaddrinfo ENOTFOUND mosquitto
[2026-01-22 22:58:59] error: 	z2m: Not connected to MQTT server!
[2026-01-22 22:59:00] error: 	z2m: MQTT error: getaddrinfo ENOTFOUND mosquitto
[2026-01-22 22:59:01] error: 	z2m: MQTT error: getaddrinfo ENOTFOUND mosquitto
[2026-01-22 22:59:02] error: 	z2m: MQTT error: getaddrinfo ENOTFOUND mosquitto
[2026-01-22 22:59:03] error: 	z2m: MQTT error: getaddrinfo ENOTFOUND mosquitto
[2026-01-22 22:59:04] error: 	z2m: MQTT error: getaddrinfo ENOTFOUND mosquitto
[2026-01-22 22:59:05] error: 	z2m: MQTT error: getaddrinfo ENOTFOUND mosquitto
[2026-01-22 22:59:06] error: 	z2m: MQTT error: getaddrinfo ENOTFOUND mosquitto
[2026-01-22 22:59:07] error: 	z2m: MQTT error: getaddrinfo ENOTFOUND mosquitto
[2026-01-22 22:59:08] error: 	z2m: MQTT error: getaddrinfo ENOTFOUND mosquitto
[2026-01-22 22:59:09] error: 	z2m: MQTT error: getaddrinfo ENOTFOUND mosquitto
[2026-01-22 22:59:09] error: 	z2m: Not connected to MQTT server!
[2026-01-22 22:59:10] error: 	z2m: MQTT error: getaddrinfo ENOTFOUND mosquitto
[2026-01-22 22:59:11] error: 	z2m: MQTT error: getaddrinfo ENOTFOUND mosquitto
[2026-01-22 22:59:12] error: 	z2m: MQTT error: getaddrinfo ENOTFOUND mosquitto
[2026-01-22 22:59:13] error: 	z2m: MQTT error: getaddrinfo ENOTFOUND mosquitto
[2026-01-22 22:59:14] error: 	z2m: MQTT error: getaddrinfo ENOTFOUND mosquitto
[2026-01-22 22:59:15] error: 	z2m: MQTT error: getaddrinfo ENOTFOUND mosquitto
[2026-01-22 22:59:16] error: 	z2m: MQTT error: getaddrinfo ENOTFOUND mosquitto
[2026-01-22 22:59:17] error: 	z2m: MQTT error: getaddrinfo ENOTFOUND mosquitto
[2026-01-22 22:59:18] error: 	z2m: MQTT error: getaddrinfo ENOTFOUND mosquitto
[2026-01-22 22:59:19] error: 	z2m: MQTT error: getaddrinfo ENOTFOUND mosquitto
[2026-01-22 22:59:19] error: 	z2m: Not connected to MQTT server!
[2026-01-22 22:59:20] error: 	z2m: MQTT error: getaddrinfo ENOTFOUND mosquitto
[2026-01-22 22:59:21] error: 	z2m: MQTT error: getaddrinfo ENOTFOUND mosquitto
[2026-01-22 22:59:22] error: 	z2m: MQTT error: getaddrinfo ENOTFOUND mosquitto
[2026-01-22 22:59:23] error: 	z2m: MQTT error: getaddrinfo ENOTFOUND mosquitto
[2026-01-22 22:59:24] error: 	z2m: MQTT error: getaddrinfo ENOTFOUND mosquitto
[2026-01-22 22:59:25] error: 	z2m: MQTT error: getaddrinfo ENOTFOUND mosquitto
[2026-01-22 22:59:26] error: 	z2m: MQTT error: getaddrinfo ENOTFOUND mosquitto
[2026-01-22 22:59:27] error: 	z2m: MQTT error: getaddrinfo ENOTFOUND mosquitto
[2026-01-22 22:59:28] error: 	z2m: MQTT error: getaddrinfo ENOTFOUND mosquitto
[2026-01-22 22:59:29] error: 	z2m: MQTT error: getaddrinfo ENOTFOUND mosquitto
[2026-01-22 22:59:29] error: 	z2m: Not connected to MQTT server!
[2026-01-22 22:59:30] error: 	z2m: MQTT error: getaddrinfo ENOTFOUND mosquitto
[2026-01-22 22:59:31] error: 	z2m: MQTT error: getaddrinfo ENOTFOUND mosquitto
[2026-01-22 22:59:32] error: 	z2m: MQTT error: getaddrinfo ENOTFOUND mosquitto
[2026-01-22 22:59:33] error: 	z2m: MQTT error: getaddrinfo ENOTFOUND mosquitto
[2026-01-22 22:59:34] error: 	z2m: MQTT error: getaddrinfo ENOTFOUND mosquitto
[2026-01-22 22:59:35] error: 	z2m: MQTT error: getaddrinfo ENOTFOUND mosquitto
[2026-01-22 22:59:36] error: 	z2m: MQTT error: getaddrinfo ENOTFOUND mosquitto
[2026-01-22 22:59:37] error: 	z2m: MQTT error: getaddrinfo ENOTFOUND mosquitto
[2026-01-22 22:59:38] error: 	z2m: MQTT error: getaddrinfo ENOTFOUND mosquitto
[2026-01-22 22:59:39] error: 	z2m: MQTT error: getaddrinfo ENOTFOUND mosquitto
[2026-01-22 22:59:39] error: 	z2m: Not connected to MQTT server!
[2026-01-22 22:59:40] error: 	z2m: MQTT error: getaddrinfo ENOTFOUND mosquitto
[2026-01-22 22:59:41] error: 	z2m: MQTT error: getaddrinfo ENOTFOUND mosquitto
[2026-01-22 22:59:42] error: 	z2m: MQTT error: getaddrinfo ENOTFOUND mosquitto
[2026-01-22 22:59:43] error: 	z2m: MQTT error: getaddrinfo ENOTFOUND mosquitto
[2026-01-22 22:59:44] error: 	z2m: MQTT error: getaddrinfo ENOTFOUND mosquitto
[2026-01-22 22:59:45] error: 	z2m: MQTT error: getaddrinfo ENOTFOUND mosquitto
[2026-01-22 22:59:46] error: 	z2m: MQTT error: getaddrinfo ENOTFOUND mosquitto
[2026-01-22 22:59:47] error: 	z2m: MQTT error: getaddrinfo ENOTFOUND mosquitto
[2026-01-22 22:59:48] error: 	z2m: MQTT error: getaddrinfo ENOTFOUND mosquitto
[2026-01-22 22:59:49] error: 	z2m: MQTT error: getaddrinfo ENOTFOUND mosquitto
[2026-01-22 22:59:49] error: 	z2m: Not connected to MQTT server!
[2026-01-22 22:59:50] error: 	z2m: MQTT error: getaddrinfo ENOTFOUND mosquitto
[2026-01-22 22:59:51] error: 	z2m: MQTT error: getaddrinfo ENOTFOUND mosquitto
[2026-01-22 22:59:52] error: 	z2m: MQTT error: getaddrinfo ENOTFOUND mosquitto
[2026-01-22 22:59:53] error: 	z2m: MQTT error: getaddrinfo ENOTFOUND mosquitto
[2026-01-22 22:59:54] error: 	z2m: MQTT error: getaddrinfo ENOTFOUND mosquitto
[2026-01-22 22:59:55] error: 	z2m: MQTT error: getaddrinfo ENOTFOUND mosquitto
[2026-01-22 22:59:56] error: 	z2m: MQTT error: getaddrinfo ENOTFOUND mosquitto
[2026-01-22 22:59:57] error: 	z2m: MQTT error: getaddrinfo ENOTFOUND mosquitto
[2026-01-22 22:59:58] error: 	z2m: Not connected to MQTT server!
[2026-01-22 22:59:58] error: 	z2m: Cannot send message: topic: 'zigbee2mqtt/bridge/state', payload: '{"state":"offline"}
[2026-01-22 22:59:58] info: 	z2m: Disconnecting from MQTT server
[2026-01-22 22:59:58] info: 	z2m: Stopping zigbee-herdsman...
[2026-01-22 22:59:58] info: 	zh:controller: Wrote coordinator backup to '/app/data/coordinator_backup.json'
[2026-01-22 22:59:59] info: 	z2m: Stopped zigbee-herdsman
[2026-01-22 22:59:59] info: 	z2m: Stopped Zigbee2MQTT
