[2026-01-22 22:02:49] info: 	z2m: Logging to console, file (filename: log.log)
[2026-01-22 22:02:50] info: 	z2m: Starting Zigbee2MQTT version 2.7.2 (commit #3a49c95786c2fba749e7696aab4cc38e467d2c4c
)
[2026-01-22 22:02:50] info: 	z2m: Starting zigbee-herdsman (8.0.1)
[2026-01-22 22:02:51] warning: 	zh:ezsp: 'ezsp' driver is deprecated and will only remain to provide support for older firmware (pre 7.4.x). Migration to 'ember' is recommended. If using Zigbee2MQTT see https://github.com/Koenkk/zigbee2mqtt/discussions/21462
[2026-01-22 22:03:00] info: 	z2m: zigbee-herdsman started (resumed)
[2026-01-22 22:03:00] info: 	z2m: Coordinator firmware version: '{"meta":{"maintrel":"4 ","majorrel":"7","minorrel":"4","product":13,"revision":"7.4.4.5 build 0"},"type":"EZSP v13"}'
[2026-01-22 22:03:00] info: 	z2m: Currently 0 devices are joined.
[2026-01-22 22:03:00] info: 	z2m: Connecting to MQTT server at mqtt://mosquitto:1883
[2026-01-22 22:03:00] info: 	z2m: Connected to MQTT server
[2026-01-22 22:03:00] info: 	z2m:mqtt: MQTT publish: topic 'zigbee2mqtt/bridge/state', payload '{"state":"online"}'
[2026-01-22 22:03:01] info: 	z2m: Started frontend on port 8080
[2026-01-22 22:03:01] info: 	z2m: Zigbee2MQTT started!
[2026-01-22 22:03:06] info: 	z2m:mqtt: MQTT publish: topic 'homeassistant/binary_sensor/1221051039810110150109113116116_0x048727fffe22ac7c/connection_state/config', payload '{"default_entity_id":"binary_sensor.zigbee2mqtt_bridge_connection_state","device":{"hw_version":"EZSP v13 7.4.4.5 build 0","identifiers":["zigbee2mqtt_bridge_0x048727fffe22ac7c"],"manufacturer":"Zigbee2MQTT","model":"Bridge","name":"Zigbee2MQTT Bridge","sw_version":"2.7.2"},"device_class":"connectivity","entity_category":"diagnostic","name":"Connection state","object_id":"zigbee2mqtt_bridge_connection_state","origin":{"name":"Zigbee2MQTT","sw":"2.7.2","url":"https://www.zigbee2mqtt.io"},"payload_off":"offline","payload_on":"online","state_topic":"zigbee2mqtt/bridge/state","unique_id":"bridge_0x048727fffe22ac7c_connection_state_zigbee2mqtt","value_template":"{{ value_json.state }}"}'
[2026-01-22 22:13:01] info: 	z2m:mqtt: MQTT publish: topic 'zigbee2mqtt/bridge/health', payload '{"response_time":1769116381072,"os":{"load_average":[0.73,0.72,0.57],"memory_used_mb":920.23,"memory_percent":49.8617},"process":{"uptime_sec":634,"memory_used_mb":95.8,"memory_percent":5.1911},"mqtt":{"connected":true,"queued":0,"published":11,"received":14},"devices":{}}'
[2026-01-22 22:23:01] info: 	z2m:mqtt: MQTT publish: topic 'zigbee2mqtt/bridge/health', payload '{"response_time":1769116981068,"os":{"load_average":[0.79,0.6,0.56],"memory_used_mb":915.85,"memory_percent":49.624},"process":{"uptime_sec":1234,"memory_used_mb":95.89,"memory_percent":5.1955},"mqtt":{"connected":true,"queued":0,"published":13,"received":14},"devices":{}}'
[2026-01-22 22:33:01] info: 	z2m:mqtt: MQTT publish: topic 'zigbee2mqtt/bridge/health', payload '{"response_time":1769117581069,"os":{"load_average":[0.6,0.49,0.51],"memory_used_mb":957.86,"memory_percent":51.9003},"process":{"uptime_sec":1834,"memory_used_mb":95.93,"memory_percent":5.1976},"mqtt":{"connected":true,"queued":0,"published":15,"received":14},"devices":{}}'
[2026-01-22 22:40:06] info: 	z2m:mqtt: MQTT publish: topic 'zigbee2mqtt/bridge/state', payload '{"state":"offline"}'
[2026-01-22 22:40:06] info: 	z2m: Disconnecting from MQTT server
[2026-01-22 22:40:06] error: 	z2m: MQTT error: read ECONNRESET
[2026-01-22 22:40:06] info: 	z2m: Stopping zigbee-herdsman...
[2026-01-22 22:40:07] info: 	zh:controller: Wrote coordinator backup to '/app/data/coordinator_backup.json'
[2026-01-22 22:40:07] info: 	z2m: Stopped zigbee-herdsman
[2026-01-22 22:40:07] info: 	z2m: Stopped Zigbee2MQTT
