[2026-01-22 03:14:33] info: 	z2m: Logging to console, file (filename: log.log)
[2026-01-22 03:14:34] info: 	z2m: Starting Zigbee2MQTT version 2.7.2 (commit #3a49c95786c2fba749e7696aab4cc38e467d2c4c
)
[2026-01-22 03:14:34] info: 	z2m: Starting zigbee-herdsman (8.0.1)
[2026-01-22 03:14:35] warning: 	zh:ezsp: 'ezsp' driver is deprecated and will only remain to provide support for older firmware (pre 7.4.x). Migration to 'ember' is recommended. If using Zigbee2MQTT see https://github.com/Koenkk/zigbee2mqtt/discussions/21462
[2026-01-22 03:14:38] info: 	zh:ezsp:driv: Leaving current network and forming new network
[2026-01-22 03:14:39] info: 	zh:ezsp:driv: Form network
[2026-01-22 03:14:41] info: 	zh:controller: Wrote coordinator backup to '/app/data/coordinator_backup.json'
[2026-01-22 03:14:41] info: 	z2m: zigbee-herdsman started (reset)
[2026-01-22 03:14:41] info: 	z2m: Coordinator firmware version: '{"meta":{"maintrel":"4 ","majorrel":"7","minorrel":"4","product":13,"revision":"7.4.4.5 build 0"},"type":"EZSP v13"}'
[2026-01-22 03:14:41] info: 	z2m: Currently 0 devices are joined.
[2026-01-22 03:14:41] info: 	z2m: Connecting to MQTT server at mqtt://mosquitto:1883
[2026-01-22 03:14:42] info: 	z2m: Connected to MQTT server
[2026-01-22 03:14:42] info: 	z2m:mqtt: MQTT publish: topic 'zigbee2mqtt/bridge/state', payload '{"state":"online"}'
[2026-01-22 03:14:44] info: 	z2m: Started frontend on port 8080
[2026-01-22 03:14:44] info: 	z2m: Zigbee2MQTT started!
[2026-01-22 03:14:50] info: 	z2m:mqtt: MQTT publish: topic 'homeassistant/binary_sensor/1221051039810110150109113116116_0x048727fffe22ac7c/connection_state/config', payload '{"default_entity_id":"binary_sensor.zigbee2mqtt_bridge_connection_state","device":{"hw_version":"EZSP v13 7.4.4.5 build 0","identifiers":["zigbee2mqtt_bridge_0x048727fffe22ac7c"],"manufacturer":"Zigbee2MQTT","model":"Bridge","name":"Zigbee2MQTT Bridge","sw_version":"2.7.2"},"device_class":"connectivity","entity_category":"diagnostic","name":"Connection state","object_id":"zigbee2mqtt_bridge_connection_state","origin":{"name":"Zigbee2MQTT","sw":"2.7.2","url":"https://www.zigbee2mqtt.io"},"payload_off":"offline","payload_on":"online","state_topic":"zigbee2mqtt/bridge/state","unique_id":"bridge_0x048727fffe22ac7c_connection_state_zigbee2mqtt","value_template":"{{ value_json.state }}"}'
[2026-01-22 03:14:50] info: 	z2m:mqtt: MQTT publish: topic 'homeassistant/binary_sensor/1221051039810110150109113116116_0x048727fffe22ac7c/restart_required/config', payload '{"availability":[{"topic":"zigbee2mqtt/bridge/state","value_template":"{{ value_json.state }}"}],"availability_mode":"all","default_entity_id":"binary_sensor.zigbee2mqtt_bridge_restart_required","device":{"hw_version":"EZSP v13 7.4.4.5 build 0","identifiers":["zigbee2mqtt_bridge_0x048727fffe22ac7c"],"manufacturer":"Zigbee2MQTT","model":"Bridge","name":"Zigbee2MQTT Bridge","sw_version":"2.7.2"},"device_class":"problem","enabled_by_default":false,"entity_category":"diagnostic","name":"Restart required","object_id":"zigbee2mqtt_bridge_restart_required","origin":{"name":"Zigbee2MQTT","sw":"2.7.2","url":"https://www.zigbee2mqtt.io"},"payload_off":false,"payload_on":true,"state_topic":"zigbee2mqtt/bridge/info","unique_id":"bridge_0x048727fffe22ac7c_restart_required_zigbee2mqtt","value_template":"{{ value_json.restart_required }}"}'
[2026-01-22 03:14:50] info: 	z2m:mqtt: MQTT publish: topic 'homeassistant/button/1221051039810110150109113116116_0x048727fffe22ac7c/restart/config', payload '{"availability":[{"topic":"zigbee2mqtt/bridge/state","value_template":"{{ value_json.state }}"}],"availability_mode":"all","command_topic":"zigbee2mqtt/bridge/request/restart","default_entity_id":"button.zigbee2mqtt_bridge_restart","device":{"hw_version":"EZSP v13 7.4.4.5 build 0","identifiers":["zigbee2mqtt_bridge_0x048727fffe22ac7c"],"manufacturer":"Zigbee2MQTT","model":"Bridge","name":"Zigbee2MQTT Bridge","sw_version":"2.7.2"},"device_class":"restart","name":"Restart","object_id":"zigbee2mqtt_bridge_restart","origin":{"name":"Zigbee2MQTT","sw":"2.7.2","url":"https://www.zigbee2mqtt.io"},"payload_press":"","unique_id":"bridge_0x048727fffe22ac7c_restart_zigbee2mqtt"}'
[2026-01-22 03:14:50] info: 	z2m:mqtt: MQTT publish: topic 'homeassistant/select/1221051039810110150109113116116_0x048727fffe22ac7c/log_level/config', payload '{"availability":[{"topic":"zigbee2mqtt/bridge/state","value_template":"{{ value_json.state }}"}],"availability_mode":"all","command_template":"{\"options\": {\"advanced\": {\"log_level\": \"{{ value }}\" } } }","command_topic":"zigbee2mqtt/bridge/request/options","default_entity_id":"select.zigbee2mqtt_bridge_log_level","device":{"hw_version":"EZSP v13 7.4.4.5 build 0","identifiers":["zigbee2mqtt_bridge_0x048727fffe22ac7c"],"manufacturer":"Zigbee2MQTT","model":"Bridge","name":"Zigbee2MQTT Bridge","sw_version":"2.7.2"},"entity_category":"config","name":"Log level","object_id":"zigbee2mqtt_bridge_log_level","options":["error","warning","info","debug"],"origin":{"name":"Zigbee2MQTT","sw":"2.7.2","url":"https://www.zigbee2mqtt.io"},"state_topic":"zigbee2mqtt/bridge/info","unique_id":"bridge_0x048727fffe22ac7c_log_level_zigbee2mqtt","value_template":"{{ value_json.log_level | lower }}"}'
[2026-01-22 03:14:50] info: 	z2m:mqtt: MQTT publish: topic 'homeassistant/sensor/1221051039810110150109113116116_0x048727fffe22ac7c/version/config', payload '{"availability":[{"topic":"zigbee2mqtt/bridge/state","value_template":"{{ value_json.state }}"}],"availability_mode":"all","default_entity_id":"sensor.zigbee2mqtt_bridge_version","device":{"hw_version":"EZSP v13 7.4.4.5 build 0","identifiers":["zigbee2mqtt_bridge_0x048727fffe22ac7c"],"manufacturer":"Zigbee2MQTT","model":"Bridge","name":"Zigbee2MQTT Bridge","sw_version":"2.7.2"},"entity_category":"diagnostic","icon":"mdi:zigbee","name":"Version","object_id":"zigbee2mqtt_bridge_version","origin":{"name":"Zigbee2MQTT","sw":"2.7.2","url":"https://www.zigbee2mqtt.io"},"state_topic":"zigbee2mqtt/bridge/info","unique_id":"bridge_0x048727fffe22ac7c_version_zigbee2mqtt","value_template":"{{ value_json.version }}"}'
[2026-01-22 03:14:50] info: 	z2m:mqtt: MQTT publish: topic 'homeassistant/sensor/1221051039810110150109113116116_0x048727fffe22ac7c/coordinator_version/config', payload '{"availability":[{"topic":"zigbee2mqtt/bridge/state","value_template":"{{ value_json.state }}"}],"availability_mode":"all","default_entity_id":"sensor.zigbee2mqtt_bridge_coordinator_version","device":{"hw_version":"EZSP v13 7.4.4.5 build 0","identifiers":["zigbee2mqtt_bridge_0x048727fffe22ac7c"],"manufacturer":"Zigbee2MQTT","model":"Bridge","name":"Zigbee2MQTT Bridge","sw_version":"2.7.2"},"enabled_by_default":false,"entity_category":"diagnostic","icon":"mdi:chip","name":"Coordinator version","object_id":"zigbee2mqtt_bridge_coordinator_version","origin":{"name":"Zigbee2MQTT","sw":"2.7.2","url":"https://www.zigbee2mqtt.io"},"state_topic":"zigbee2mqtt/bridge/info","unique_id":"bridge_0x048727fffe22ac7c_coordinator_version_zigbee2mqtt","value_template":"{{ value_json.coordinator.meta.revision }}"}'
[2026-01-22 03:14:50] info: 	z2m:mqtt: MQTT publish: topic 'homeassistant/sensor/1221051039810110150109113116116_0x048727fffe22ac7c/network_map/config', payload '{"availability":[{"topic":"zigbee2mqtt/bridge/state","value_template":"{{ value_json.state }}"}],"availability_mode":"all","default_entity_id":"sensor.zigbee2mqtt_bridge_network_map","device":{"hw_version":"EZSP v13 7.4.4.5 build 0","identifiers":["zigbee2mqtt_bridge_0x048727fffe22ac7c"],"manufacturer":"Zigbee2MQTT","model":"Bridge","name":"Zigbee2MQTT Bridge","sw_version":"2.7.2"},"enabled_by_default":false,"entity_category":"diagnostic","json_attributes_template":"{{ value_json.data.value | tojson }}","json_attributes_topic":"zigbee2mqtt/bridge/response/networkmap","name":"Network map","object_id":"zigbee2mqtt_bridge_network_map","origin":{"name":"Zigbee2MQTT","sw":"2.7.2","url":"https://www.zigbee2mqtt.io"},"state_topic":"zigbee2mqtt/bridge/response/networkmap","unique_id":"bridge_0x048727fffe22ac7c_network_map_zigbee2mqtt","value_template":"{{ now().strftime('%Y-%m-%d %H:%M:%S') }}"}'
[2026-01-22 03:14:50] info: 	z2m:mqtt: MQTT publish: topic 'homeassistant/switch/1221051039810110150109113116116_0x048727fffe22ac7c/permit_join/config', payload '{"availability":[{"topic":"zigbee2mqtt/bridge/state","value_template":"{{ value_json.state }}"}],"availability_mode":"all","command_topic":"zigbee2mqtt/bridge/request/permit_join","default_entity_id":"switch.zigbee2mqtt_bridge_permit_join","device":{"hw_version":"EZSP v13 7.4.4.5 build 0","identifiers":["zigbee2mqtt_bridge_0x048727fffe22ac7c"],"manufacturer":"Zigbee2MQTT","model":"Bridge","name":"Zigbee2MQTT Bridge","sw_version":"2.7.2"},"icon":"mdi:human-greeting-proximity","name":"Permit join","object_id":"zigbee2mqtt_bridge_permit_join","origin":{"name":"Zigbee2MQTT","sw":"2.7.2","url":"https://www.zigbee2mqtt.io"},"payload_off":"{\"time\": 0}","payload_on":"{\"time\": 254}","state_off":"false","state_on":"true","state_topic":"zigbee2mqtt/bridge/info","unique_id":"bridge_0x048727fffe22ac7c_permit_join_zigbee2mqtt","value_template":"{{ value_json.permit_join | lower }}"}'
[2026-01-22 03:18:53] info: 	z2m: Zigbee: allowing new devices to join.
[2026-01-22 03:18:55] info: 	z2m:mqtt: MQTT publish: topic 'zigbee2mqtt/bridge/response/permit_join', payload '{"data":{"time":254},"status":"ok","transaction":"ddj2y-1"}'
[2026-01-22 03:19:43] info: 	z2m: Zigbee: allowing new devices to join.
[2026-01-22 03:20:06] error: 	zh:ezsp:uart: --> Error: Error: {"sequence":5} after 4000ms
[2026-01-22 03:20:09] error: 	zh:ezsp:uart: -!- break waiting (5)
[2026-01-22 03:20:09] error: 	zh:ezsp:uart: Can't send DATA frame (4,5,0): 5c00011101ffffffffffffffff5a6967426565416c6c69616e6365303900
[2026-01-22 03:21:05] info: 	z2m: Zigbee: disabling joining new devices.
[2026-01-22 03:24:43] info: 	z2m:mqtt: MQTT publish: topic 'zigbee2mqtt/bridge/health', payload '{"response_time":1769048683603,"os":{"load_average":[3.34,7.11,8.32],"memory_used_mb":1465.17,"memory_percent":79.3884},"process":{"uptime_sec":621,"memory_used_mb":15.63,"memory_percent":0.847},"mqtt":{"connected":true,"queued":0,"published":34,"received":3},"devices":{"0x048727fffe22ac7c":{"messages":1,"messages_per_sec":0.0029,"leave_count":0,"network_address_changes":0}}}'
[2026-01-22 03:35:15] error: 	z2m: Not connected to MQTT server!
[2026-01-22 03:35:17] error: 	z2m: Cannot send message: topic: 'zigbee2mqtt/bridge/health', payload: '{"response_time":1769049313537,"os":{"load_average":[33.34,17.78,11.34],"memory_used_mb":1720.7,"memory_percent":93.2336},"process":{"uptime_sec":1252,"memory_used_mb":9.11,"memory_percent":0.4934},"mqtt":{"connected":false,"queued":0,"published":36,"received":3},"devices":{"0x048727fffe22ac7c":{"messages":1,"messages_per_sec":0.001,"leave_count":0,"network_address_changes":0}}}
[2026-01-22 03:35:18] error: 	z2m: Not connected to MQTT server!
[2026-01-22 03:35:28] info: 	z2m: Connected to MQTT server
[2026-01-22 03:35:29] info: 	z2m:mqtt: MQTT publish: topic 'zigbee2mqtt/bridge/state', payload '{"state":"online"}'
[2026-01-22 03:45:55] info: 	z2m:mqtt: MQTT publish: topic 'zigbee2mqtt/bridge/health', payload '{"response_time":1769049940310,"os":{"load_average":[21.25,14.32,11.58],"memory_used_mb":1743.86,"memory_percent":94.4887},"process":{"uptime_sec":1881,"memory_used_mb":7.33,"memory_percent":0.3971},"mqtt":{"connected":true,"queued":0,"published":43,"received":3},"devices":{"0x048727fffe22ac7c":{"messages":1,"messages_per_sec":0.0006,"leave_count":0,"network_address_changes":0}}}'
[2026-01-22 03:46:33] error: 	z2m: Not connected to MQTT server!
[2026-01-22 03:46:47] error: 	z2m: Not connected to MQTT server!
[2026-01-22 03:46:57] error: 	z2m: Not connected to MQTT server!
[2026-01-22 03:47:42] error: 	z2m: Not connected to MQTT server!
[2026-01-22 03:47:46] error: 	z2m: MQTT error: connack timeout
[2026-01-22 03:47:54] error: 	z2m: Not connected to MQTT server!
[2026-01-22 03:48:04] info: 	z2m: Connected to MQTT server
[2026-01-22 03:48:05] info: 	z2m:mqtt: MQTT publish: topic 'zigbee2mqtt/bridge/state', payload '{"state":"online"}'
[2026-01-22 03:55:35] info: 	z2m:mqtt: MQTT publish: topic 'zigbee2mqtt/bridge/health', payload '{"response_time":1769050535954,"os":{"load_average":[0.32,4.82,8.91],"memory_used_mb":1602.86,"memory_percent":86.8488},"process":{"uptime_sec":2473,"memory_used_mb":22.1,"memory_percent":1.1975},"mqtt":{"connected":true,"queued":0,"published":51,"received":3},"devices":{"0x048727fffe22ac7c":{"messages":1,"messages_per_sec":0.0005,"leave_count":0,"network_address_changes":0}}}'
[2026-01-22 04:05:35] info: 	z2m:mqtt: MQTT publish: topic 'zigbee2mqtt/bridge/health', payload '{"response_time":1769051135923,"os":{"load_average":[0.4,1,4.86],"memory_used_mb":1610.84,"memory_percent":87.2814},"process":{"uptime_sec":3073,"memory_used_mb":24.77,"memory_percent":1.3419},"mqtt":{"connected":true,"queued":0,"published":53,"received":3},"devices":{"0x048727fffe22ac7c":{"messages":1,"messages_per_sec":0.0004,"leave_count":0,"network_address_changes":0}}}'
[2026-01-22 04:13:10] info: 	z2m:mqtt: MQTT publish: topic 'zigbee2mqtt/bridge/state', payload '{"state":"offline"}'
[2026-01-22 04:13:10] info: 	z2m: Disconnecting from MQTT server
[2026-01-22 04:13:10] info: 	z2m: Stopping zigbee-herdsman...
