[2026-01-22 23:05:47] info: 	z2m: Logging to console, file (filename: log.log)
[2026-01-22 23:05:48] info: 	z2m: Starting Zigbee2MQTT version 2.7.2 (commit #3a49c95786c2fba749e7696aab4cc38e467d2c4c
)
[2026-01-22 23:05:48] info: 	z2m: Starting zigbee-herdsman (8.0.1)
[2026-01-22 23:05:49] warning: 	zh:ezsp: 'ezsp' driver is deprecated and will only remain to provide support for older firmware (pre 7.4.x). Migration to 'ember' is recommended. If using Zigbee2MQTT see https://github.com/Koenkk/zigbee2mqtt/discussions/21462
[2026-01-22 23:05:57] info: 	z2m: zigbee-herdsman started (resumed)
[2026-01-22 23:05:57] info: 	z2m: Coordinator firmware version: '{"meta":{"maintrel":"4 ","majorrel":"7","minorrel":"4","product":13,"revision":"7.4.4.5 build 0"},"type":"EZSP v13"}'
[2026-01-22 23:05:57] info: 	z2m: Currently 0 devices are joined.
[2026-01-22 23:05:57] info: 	z2m: Connecting to MQTT server at mqtt://mosquitto:1883
[2026-01-22 23:05:58] info: 	z2m: Connected to MQTT server
[2026-01-22 23:05:58] info: 	z2m:mqtt: MQTT publish: topic 'zigbee2mqtt/bridge/state', payload '{"state":"online"}'
[2026-01-22 23:05:59] info: 	z2m: Started frontend on port 8080
[2026-01-22 23:05:59] info: 	z2m: Zigbee2MQTT started!
[2026-01-22 23:06:04] info: 	z2m:mqtt: MQTT publish: topic 'homeassistant/binary_sensor/1221051039810110150109113116116_0x048727fffe22ac7c/connection_state/config', payload '{"default_entity_id":"binary_sensor.zigbee2mqtt_bridge_connection_state","device":{"hw_version":"EZSP v13 7.4.4.5 build 0","identifiers":["zigbee2mqtt_bridge_0x048727fffe22ac7c"],"manufacturer":"Zigbee2MQTT","model":"Bridge","name":"Zigbee2MQTT Bridge","sw_version":"2.7.2"},"device_class":"connectivity","entity_category":"diagnostic","name":"Connection state","object_id":"zigbee2mqtt_bridge_connection_state","origin":{"name":"Zigbee2MQTT","sw":"2.7.2","url":"https://www.zigbee2mqtt.io"},"payload_off":"offline","payload_on":"online","state_topic":"zigbee2mqtt/bridge/state","unique_id":"bridge_0x048727fffe22ac7c_connection_state_zigbee2mqtt","value_template":"{{ value_json.state }}"}'
[2026-01-22 23:16:00] info: 	z2m:mqtt: MQTT publish: topic 'zigbee2mqtt/bridge/health', payload '{"response_time":1769120160596,"os":{"load_average":[7.93,6.13,4.43],"memory_used_mb":1561.11,"memory_percent":84.5864},"process":{"uptime_sec":628,"memory_used_mb":16.11,"memory_percent":0.8729},"mqtt":{"connected":true,"queued":0,"published":11,"received":15},"devices":{}}'
[2026-01-22 23:25:59] info: 	z2m:mqtt: MQTT publish: topic 'zigbee2mqtt/bridge/health', payload '{"response_time":1769120759376,"os":{"load_average":[0.74,2.6,3.44],"memory_used_mb":1334.56,"memory_percent":72.3115},"process":{"uptime_sec":1226,"memory_used_mb":19.42,"memory_percent":1.0521},"mqtt":{"connected":true,"queued":0,"published":13,"received":15},"devices":{}}'
[2026-01-22 23:35:59] info: 	z2m:mqtt: MQTT publish: topic 'zigbee2mqtt/bridge/health', payload '{"response_time":1769121359390,"os":{"load_average":[1.07,1.86,2.78],"memory_used_mb":1278.88,"memory_percent":69.2942},"process":{"uptime_sec":1826,"memory_used_mb":18.75,"memory_percent":1.0159},"mqtt":{"connected":true,"queued":0,"published":15,"received":15},"devices":{}}'
[2026-01-22 23:45:59] info: 	z2m:mqtt: MQTT publish: topic 'zigbee2mqtt/bridge/health', payload '{"response_time":1769121959393,"os":{"load_average":[2.66,2.88,2.78],"memory_used_mb":1274.5,"memory_percent":69.0571},"process":{"uptime_sec":2426,"memory_used_mb":17.68,"memory_percent":0.9577},"mqtt":{"connected":true,"queued":0,"published":17,"received":15},"devices":{}}'
[2026-01-22 23:55:59] info: 	z2m:mqtt: MQTT publish: topic 'zigbee2mqtt/bridge/health', payload '{"response_time":1769122559366,"os":{"load_average":[1.22,1.4,2.01],"memory_used_mb":1308.75,"memory_percent":70.9129},"process":{"uptime_sec":3026,"memory_used_mb":21.01,"memory_percent":1.1383},"mqtt":{"connected":true,"queued":0,"published":19,"received":15},"devices":{}}'
[2026-01-23 00:05:59] info: 	z2m:mqtt: MQTT publish: topic 'zigbee2mqtt/bridge/health', payload '{"response_time":1769123159347,"os":{"load_average":[1.81,1.25,1.58],"memory_used_mb":1431.78,"memory_percent":77.5792},"process":{"uptime_sec":3626,"memory_used_mb":18.78,"memory_percent":1.0174},"mqtt":{"connected":true,"queued":0,"published":21,"received":15},"devices":{}}'
[2026-01-23 00:15:59] info: 	z2m:mqtt: MQTT publish: topic 'zigbee2mqtt/bridge/health', payload '{"response_time":1769123759431,"os":{"load_average":[2.14,1.66,1.58],"memory_used_mb":1310.64,"memory_percent":71.0155},"process":{"uptime_sec":4226,"memory_used_mb":13.49,"memory_percent":0.7308},"mqtt":{"connected":true,"queued":0,"published":23,"received":15},"devices":{}}'
